<?xml version="1.0" encoding="UTF-8"?>
<testng-results ignored="0" total="2" passed="2" failed="0" skipped="0">
  <reporter-output>
  </reporter-output>
  <suite started-at="2020-07-21T22:06:57 GMT+03:00" name="Command line suite" finished-at="2020-07-21T22:07:04 GMT+03:00" duration-ms="6629">
    <groups>
    </groups>
    <test started-at="2020-07-21T22:06:57 GMT+03:00" name="Command line test" finished-at="2020-07-21T22:07:04 GMT+03:00" duration-ms="6629">
      <class name="test.LoginTest">
        <test-method is-config="true" signature="setup()[pri:0, instance:test.LoginTest@77f1baf5]" started-at="2020-07-21T22:06:57 GMT+03:00" name="setup" finished-at="2020-07-21T22:07:02 GMT+03:00" duration-ms="4739" status="PASS">
          <reporter-output>
          </reporter-output>
        </test-method> <!-- setup -->
        <test-method signature="emptyFields()[pri:0, instance:test.LoginTest@77f1baf5]" started-at="2020-07-21T22:07:02 GMT+03:00" name="emptyFields" finished-at="2020-07-21T22:07:02 GMT+03:00" duration-ms="393" status="PASS">
          <reporter-output>
          </reporter-output>
        </test-method> <!-- emptyFields -->
        <test-method is-config="true" signature="setup()[pri:0, instance:test.LoginTest@77f1baf5]" started-at="2020-07-21T22:07:02 GMT+03:00" name="setup" finished-at="2020-07-21T22:07:03 GMT+03:00" duration-ms="298" status="PASS">
          <reporter-output>
          </reporter-output>
        </test-method> <!-- setup -->
        <test-method signature="successfullLogin()[pri:0, instance:test.LoginTest@77f1baf5]" started-at="2020-07-21T22:07:03 GMT+03:00" name="successfullLogin" finished-at="2020-07-21T22:07:03 GMT+03:00" duration-ms="560" status="PASS">
          <reporter-output>
          </reporter-output>
        </test-method> <!-- successfullLogin -->
        <test-method is-config="true" signature="tearDown()[pri:0, instance:test.LoginTest@77f1baf5]" started-at="2020-07-21T22:07:03 GMT+03:00" name="tearDown" finished-at="2020-07-21T22:07:04 GMT+03:00" duration-ms="598" status="PASS">
          <reporter-output>
          </reporter-output>
        </test-method> <!-- tearDown -->
      </class> <!-- test.LoginTest -->
    </test> <!-- Command line test -->
  </suite> <!-- Command line suite -->
</testng-results>
