<?xml version="1.0" encoding="UTF-8"?>
<testng-results ignored="0" total="2" passed="2" failed="0" skipped="0">
  <reporter-output>
  </reporter-output>
  <suite started-at="2020-07-22T20:42:46 GMT+03:00" name="Command line suite" finished-at="2020-07-22T20:42:57 GMT+03:00" duration-ms="10767">
    <groups>
    </groups>
    <test started-at="2020-07-22T20:42:46 GMT+03:00" name="Command line test" finished-at="2020-07-22T20:42:57 GMT+03:00" duration-ms="10767">
      <class name="test.LoginTest">
        <test-method is-config="true" signature="setup()[pri:0, instance:test.LoginTest@6c40365c]" started-at="2020-07-22T20:42:46 GMT+03:00" name="setup" finished-at="2020-07-22T20:42:54 GMT+03:00" duration-ms="8359" status="PASS">
          <reporter-output>
          </reporter-output>
        </test-method> <!-- setup -->
        <test-method signature="emptyFields()[pri:0, instance:test.LoginTest@6c40365c]" started-at="2020-07-22T20:42:54 GMT+03:00" name="emptyFields" finished-at="2020-07-22T20:42:55 GMT+03:00" duration-ms="438" status="PASS">
          <reporter-output>
          </reporter-output>
        </test-method> <!-- emptyFields -->
        <test-method is-config="true" signature="setup()[pri:0, instance:test.LoginTest@6c40365c]" started-at="2020-07-22T20:42:55 GMT+03:00" name="setup" finished-at="2020-07-22T20:42:55 GMT+03:00" duration-ms="431" status="PASS">
          <reporter-output>
          </reporter-output>
        </test-method> <!-- setup -->
        <test-method signature="successfullLogin()[pri:0, instance:test.LoginTest@6c40365c]" started-at="2020-07-22T20:42:55 GMT+03:00" name="successfullLogin" finished-at="2020-07-22T20:42:56 GMT+03:00" duration-ms="797" status="PASS">
          <reporter-output>
          </reporter-output>
        </test-method> <!-- successfullLogin -->
        <test-method is-config="true" signature="tearDown()[pri:0, instance:test.LoginTest@6c40365c]" started-at="2020-07-22T20:42:56 GMT+03:00" name="tearDown" finished-at="2020-07-22T20:42:57 GMT+03:00" duration-ms="690" status="PASS">
          <reporter-output>
          </reporter-output>
        </test-method> <!-- tearDown -->
      </class> <!-- test.LoginTest -->
    </test> <!-- Command line test -->
  </suite> <!-- Command line suite -->
</testng-results>
